<?xml version="1.0" encoding="UTF-8"?>
<!-- Generated by org.testng.reporters.JUnitReportReporter -->
<testsuite hostname="DESKTOP-7GG99N2" failures="0" tests="2" name="testPackage.basicsClass1" time="0.008" errors="0" timestamp="2022-01-18T18:22:32 IST" skipped="0">
  <testcase classname="testPackage.basicsClass1" name="shu" time="0.007"/>
  <system-out/>
  <testcase classname="testPackage.basicsClass1" name="shub" time="0.001"/>
  <system-out/>
</testsuite> <!-- testPackage.basicsClass1 -->
