<?xml version="1.0" encoding="UTF-8"?>
<!-- Generated by org.testng.reporters.JUnitReportReporter -->
<testsuite hostname="DESKTOP-7GG99N2" failures="0" tests="1" name="testPackage.BasicClass2" time="0.009" errors="0" timestamp="2022-03-17T00:17:21 IST" skipped="0">
  <testcase classname="testPackage.BasicClass2" name="test1" time="0.009"/>
  <system-out/>
</testsuite> <!-- testPackage.BasicClass2 -->
